Determining if the pthread_create exist failed with the following output:
Change Dir: /home/osboxes/Robotics/build/CMakeFiles/CMakeTmp

Run Build Command:"/usr/bin/make" "cmTC_90252/fast"
/usr/bin/make -f CMakeFiles/cmTC_90252.dir/build.make CMakeFiles/cmTC_90252.dir/build
make[1]: Entering directory '/home/osboxes/Robotics/build/CMakeFiles/CMakeTmp'
Building C object CMakeFiles/cmTC_90252.dir/CheckSymbolExists.c.o
/usr/bin/cc    -o CMakeFiles/cmTC_90252.dir/CheckSymbolExists.c.o   -c /home/osboxes/Robotics/build/CMakeFiles/CMakeTmp/CheckSymbolExists.c
Linking C executable cmTC_90252
/usr/bin/cmake -E cmake_link_script CMakeFiles/cmTC_90252.dir/link.txt --verbose=1
/usr/bin/cc      -rdynamic CMakeFiles/cmTC_90252.dir/CheckSymbolExists.c.o  -o cmTC_90252 
CMakeFiles/cmTC_90252.dir/CheckSymbolExists.c.o: In function `main':
CheckSymbolExists.c:(.text+0x1b): undefined reference to `pthread_create'
collect2: error: ld returned 1 exit status
CMakeFiles/cmTC_90252.dir/build.make:97: recipe for target 'cmTC_90252' failed
make[1]: *** [cmTC_90252] Error 1
make[1]: Leaving directory '/home/osboxes/Robotics/build/CMakeFiles/CMakeTmp'
Makefile:126: recipe for target 'cmTC_90252/fast' failed
make: *** [cmTC_90252/fast] Error 2

File /home/osboxes/Robotics/build/CMakeFiles/CMakeTmp/CheckSymbolExists.c:
/* */
#include <pthread.h>

int main(int argc, char** argv)
{
  (void)argv;
#ifndef pthread_create
  return ((int*)(&pthread_create))[argc];
#else
  (void)argc;
  return 0;
#endif
}

Determining if the function pthread_create exists in the pthreads failed with the following output:
Change Dir: /home/osboxes/Robotics/build/CMakeFiles/CMakeTmp

Run Build Command:"/usr/bin/make" "cmTC_302cb/fast"
/usr/bin/make -f CMakeFiles/cmTC_302cb.dir/build.make CMakeFiles/cmTC_302cb.dir/build
make[1]: Entering directory '/home/osboxes/Robotics/build/CMakeFiles/CMakeTmp'
Building C object CMakeFiles/cmTC_302cb.dir/CheckFunctionExists.c.o
/usr/bin/cc   -DCHECK_FUNCTION_EXISTS=pthread_create   -o CMakeFiles/cmTC_302cb.dir/CheckFunctionExists.c.o   -c /usr/share/cmake-3.10/Modules/CheckFunctionExists.c
Linking C executable cmTC_302cb
/usr/bin/cmake -E cmake_link_script CMakeFiles/cmTC_302cb.dir/link.txt --verbose=1
/usr/bin/cc  -DCHECK_FUNCTION_EXISTS=pthread_create    -rdynamic CMakeFiles/cmTC_302cb.dir/CheckFunctionExists.c.o  -o cmTC_302cb -lpthreads 
/usr/bin/ld: cannot find -lpthreads
collect2: error: ld returned 1 exit status
CMakeFiles/cmTC_302cb.dir/build.make:97: recipe for target 'cmTC_302cb' failed
make[1]: *** [cmTC_302cb] Error 1
make[1]: Leaving directory '/home/osboxes/Robotics/build/CMakeFiles/CMakeTmp'
Makefile:126: recipe for target 'cmTC_302cb/fast' failed
make: *** [cmTC_302cb/fast] Error 2


